[2023-05-08T17:12:52.081Z][INFO]: All classes found using provided glob pattern "/home/boutchaz/Documents/moroccan-nestjs/packages/core/dist/database/migrations/*{.ts,.js}" : "/home/boutchaz/Documents/moroccan-nestjs/packages/core/dist/database/migrations/1681898638602-test_default_value.d.ts,/home/boutchaz/Documents/moroccan-nestjs/packages/core/dist/database/migrations/1681898638602-test_default_value.js,/home/boutchaz/Documents/moroccan-nestjs/packages/core/dist/database/migrations/AddUserTable.d.ts,/home/boutchaz/Documents/moroccan-nestjs/packages/core/dist/database/migrations/AddUserTable.js"
[2023-05-08T17:12:52.121Z][QUERY]: SELECT * FROM "sqlite_master" WHERE "type" = 'table' AND "name" = 'migrations'
[2023-05-08T17:12:52.127Z][QUERY]: SELECT * FROM "migrations" "migrations" ORDER BY "id" DESC
[2023-05-08T17:12:52.128Z]No migrations are pending
[2023-05-08T17:13:00.413Z][INFO]: All classes found using provided glob pattern "/home/boutchaz/Documents/moroccan-nestjs/packages/core/dist/database/migrations/*{.ts,.js}" : "/home/boutchaz/Documents/moroccan-nestjs/packages/core/dist/database/migrations/1681898638602-test_default_value.d.ts,/home/boutchaz/Documents/moroccan-nestjs/packages/core/dist/database/migrations/1681898638602-test_default_value.js,/home/boutchaz/Documents/moroccan-nestjs/packages/core/dist/database/migrations/AddUserTable.d.ts,/home/boutchaz/Documents/moroccan-nestjs/packages/core/dist/database/migrations/AddUserTable.js"
[2023-05-08T17:13:00.428Z][QUERY]: SELECT * FROM "sqlite_master" WHERE "type" = 'table' AND "name" = 'migrations'
[2023-05-08T17:13:00.435Z][QUERY]: SELECT * FROM "migrations" "migrations" ORDER BY "id" DESC
[2023-05-08T17:13:00.435Z]No migrations are pending
[2023-05-08T17:13:09.541Z][INFO]: All classes found using provided glob pattern "/home/boutchaz/Documents/moroccan-nestjs/packages/core/dist/database/migrations/*{.ts,.js}" : "/home/boutchaz/Documents/moroccan-nestjs/packages/core/dist/database/migrations/1681898638602-test_default_value.d.ts,/home/boutchaz/Documents/moroccan-nestjs/packages/core/dist/database/migrations/1681898638602-test_default_value.js,/home/boutchaz/Documents/moroccan-nestjs/packages/core/dist/database/migrations/AddUserTable.d.ts,/home/boutchaz/Documents/moroccan-nestjs/packages/core/dist/database/migrations/AddUserTable.js"
[2023-05-08T17:13:09.580Z][QUERY]: SELECT * FROM "sqlite_master" WHERE "type" = 'table' AND "name" = 'migrations'
[2023-05-08T17:13:09.586Z][QUERY]: SELECT * FROM "migrations" "migrations" ORDER BY "id" DESC
[2023-05-08T17:13:09.586Z]No migrations are pending
[2023-05-08T17:13:13.089Z][INFO]: All classes found using provided glob pattern "/home/boutchaz/Documents/moroccan-nestjs/packages/core/dist/database/migrations/*{.ts,.js}" : "/home/boutchaz/Documents/moroccan-nestjs/packages/core/dist/database/migrations/1681898638602-test_default_value.d.ts,/home/boutchaz/Documents/moroccan-nestjs/packages/core/dist/database/migrations/1681898638602-test_default_value.js,/home/boutchaz/Documents/moroccan-nestjs/packages/core/dist/database/migrations/AddUserTable.d.ts,/home/boutchaz/Documents/moroccan-nestjs/packages/core/dist/database/migrations/AddUserTable.js"
[2023-05-08T17:13:13.125Z][QUERY]: SELECT * FROM "sqlite_master" WHERE "type" = 'table' AND "name" = 'migrations'
[2023-05-08T17:13:13.130Z][QUERY]: SELECT * FROM "migrations" "migrations" ORDER BY "id" DESC
[2023-05-08T17:13:13.131Z]No migrations are pending
[2023-05-08T17:13:16.899Z][INFO]: All classes found using provided glob pattern "/home/boutchaz/Documents/moroccan-nestjs/packages/core/dist/database/migrations/*{.ts,.js}" : "/home/boutchaz/Documents/moroccan-nestjs/packages/core/dist/database/migrations/1681898638602-test_default_value.d.ts,/home/boutchaz/Documents/moroccan-nestjs/packages/core/dist/database/migrations/1681898638602-test_default_value.js,/home/boutchaz/Documents/moroccan-nestjs/packages/core/dist/database/migrations/AddUserTable.d.ts,/home/boutchaz/Documents/moroccan-nestjs/packages/core/dist/database/migrations/AddUserTable.js"
[2023-05-08T17:13:16.931Z][QUERY]: SELECT * FROM "sqlite_master" WHERE "type" = 'table' AND "name" = 'migrations'
[2023-05-08T17:13:16.936Z][QUERY]: SELECT * FROM "migrations" "migrations" ORDER BY "id" DESC
[2023-05-08T17:13:16.937Z]No migrations are pending
[2023-05-08T17:13:20.028Z][INFO]: All classes found using provided glob pattern "/home/boutchaz/Documents/moroccan-nestjs/packages/core/dist/database/migrations/*{.ts,.js}" : "/home/boutchaz/Documents/moroccan-nestjs/packages/core/dist/database/migrations/1681898638602-test_default_value.d.ts,/home/boutchaz/Documents/moroccan-nestjs/packages/core/dist/database/migrations/1681898638602-test_default_value.js,/home/boutchaz/Documents/moroccan-nestjs/packages/core/dist/database/migrations/AddUserTable.d.ts,/home/boutchaz/Documents/moroccan-nestjs/packages/core/dist/database/migrations/AddUserTable.js"
[2023-05-08T17:13:20.063Z][QUERY]: SELECT * FROM "sqlite_master" WHERE "type" = 'table' AND "name" = 'migrations'
[2023-05-08T17:13:20.067Z][QUERY]: SELECT * FROM "migrations" "migrations" ORDER BY "id" DESC
[2023-05-08T17:13:20.068Z]No migrations are pending
[2023-05-08T17:13:24.171Z][INFO]: All classes found using provided glob pattern "/home/boutchaz/Documents/moroccan-nestjs/packages/core/dist/database/migrations/*{.ts,.js}" : "/home/boutchaz/Documents/moroccan-nestjs/packages/core/dist/database/migrations/1681898638602-test_default_value.d.ts,/home/boutchaz/Documents/moroccan-nestjs/packages/core/dist/database/migrations/1681898638602-test_default_value.js,/home/boutchaz/Documents/moroccan-nestjs/packages/core/dist/database/migrations/AddUserTable.d.ts,/home/boutchaz/Documents/moroccan-nestjs/packages/core/dist/database/migrations/AddUserTable.js"
[2023-05-08T17:13:24.215Z][QUERY]: SELECT * FROM "sqlite_master" WHERE "type" = 'table' AND "name" = 'migrations'
[2023-05-08T17:13:24.220Z][QUERY]: SELECT * FROM "migrations" "migrations" ORDER BY "id" DESC
[2023-05-08T17:13:24.221Z]No migrations are pending
[2023-05-08T18:31:34.861Z][INFO]: All classes found using provided glob pattern "/home/boutchaz/Documents/moroccan-nestjs/packages/core/dist/database/migrations/*{.ts,.js}" : "/home/boutchaz/Documents/moroccan-nestjs/packages/core/dist/database/migrations/1681898638602-test_default_value.d.ts,/home/boutchaz/Documents/moroccan-nestjs/packages/core/dist/database/migrations/1681898638602-test_default_value.js,/home/boutchaz/Documents/moroccan-nestjs/packages/core/dist/database/migrations/AddUserTable.d.ts,/home/boutchaz/Documents/moroccan-nestjs/packages/core/dist/database/migrations/AddUserTable.js"
[2023-05-08T18:31:34.899Z][QUERY]: SELECT * FROM "sqlite_master" WHERE "type" = 'table' AND "name" = 'migrations'
[2023-05-08T18:31:34.904Z][QUERY]: SELECT * FROM "migrations" "migrations" ORDER BY "id" DESC
[2023-05-08T18:31:34.905Z]No migrations are pending
[2023-05-08T18:31:43.726Z][INFO]: All classes found using provided glob pattern "/home/boutchaz/Documents/moroccan-nestjs/packages/core/dist/database/migrations/*{.ts,.js}" : "/home/boutchaz/Documents/moroccan-nestjs/packages/core/dist/database/migrations/1681898638602-test_default_value.d.ts,/home/boutchaz/Documents/moroccan-nestjs/packages/core/dist/database/migrations/1681898638602-test_default_value.js,/home/boutchaz/Documents/moroccan-nestjs/packages/core/dist/database/migrations/AddUserTable.d.ts,/home/boutchaz/Documents/moroccan-nestjs/packages/core/dist/database/migrations/AddUserTable.js"
[2023-05-08T18:31:43.764Z][QUERY]: SELECT * FROM "sqlite_master" WHERE "type" = 'table' AND "name" = 'migrations'
[2023-05-08T18:31:43.769Z][QUERY]: SELECT * FROM "migrations" "migrations" ORDER BY "id" DESC
[2023-05-08T18:31:43.770Z]No migrations are pending
[2023-05-08T18:31:51.190Z][INFO]: All classes found using provided glob pattern "/home/boutchaz/Documents/moroccan-nestjs/packages/core/dist/database/migrations/*{.ts,.js}" : "/home/boutchaz/Documents/moroccan-nestjs/packages/core/dist/database/migrations/1681898638602-test_default_value.d.ts,/home/boutchaz/Documents/moroccan-nestjs/packages/core/dist/database/migrations/1681898638602-test_default_value.js,/home/boutchaz/Documents/moroccan-nestjs/packages/core/dist/database/migrations/AddUserTable.d.ts,/home/boutchaz/Documents/moroccan-nestjs/packages/core/dist/database/migrations/AddUserTable.js"
[2023-05-08T18:31:51.229Z][QUERY]: SELECT * FROM "sqlite_master" WHERE "type" = 'table' AND "name" = 'migrations'
[2023-05-08T18:31:51.235Z][QUERY]: SELECT * FROM "migrations" "migrations" ORDER BY "id" DESC
[2023-05-08T18:31:51.236Z]No migrations are pending
[2023-05-08T18:32:03.139Z][INFO]: All classes found using provided glob pattern "/home/boutchaz/Documents/moroccan-nestjs/packages/core/dist/database/migrations/*{.ts,.js}" : "/home/boutchaz/Documents/moroccan-nestjs/packages/core/dist/database/migrations/1681898638602-test_default_value.d.ts,/home/boutchaz/Documents/moroccan-nestjs/packages/core/dist/database/migrations/1681898638602-test_default_value.js,/home/boutchaz/Documents/moroccan-nestjs/packages/core/dist/database/migrations/AddUserTable.d.ts,/home/boutchaz/Documents/moroccan-nestjs/packages/core/dist/database/migrations/AddUserTable.js"
[2023-05-08T18:32:03.162Z][QUERY]: SELECT * FROM "sqlite_master" WHERE "type" = 'table' AND "name" = 'migrations'
[2023-05-08T18:32:03.186Z][QUERY]: SELECT * FROM "migrations" "migrations" ORDER BY "id" DESC
[2023-05-08T18:32:03.191Z]No migrations are pending
[2023-05-08T18:32:09.574Z][INFO]: All classes found using provided glob pattern "/home/boutchaz/Documents/moroccan-nestjs/packages/core/dist/database/migrations/*{.ts,.js}" : "/home/boutchaz/Documents/moroccan-nestjs/packages/core/dist/database/migrations/1681898638602-test_default_value.d.ts,/home/boutchaz/Documents/moroccan-nestjs/packages/core/dist/database/migrations/1681898638602-test_default_value.js,/home/boutchaz/Documents/moroccan-nestjs/packages/core/dist/database/migrations/AddUserTable.d.ts,/home/boutchaz/Documents/moroccan-nestjs/packages/core/dist/database/migrations/AddUserTable.js"
[2023-05-08T18:32:09.619Z][QUERY]: SELECT * FROM "sqlite_master" WHERE "type" = 'table' AND "name" = 'migrations'
[2023-05-08T18:32:09.624Z][QUERY]: SELECT * FROM "migrations" "migrations" ORDER BY "id" DESC
[2023-05-08T18:32:09.625Z]No migrations are pending
[2023-05-08T18:32:22.463Z][INFO]: All classes found using provided glob pattern "/home/boutchaz/Documents/moroccan-nestjs/packages/core/dist/database/migrations/*{.ts,.js}" : "/home/boutchaz/Documents/moroccan-nestjs/packages/core/dist/database/migrations/1681898638602-test_default_value.d.ts,/home/boutchaz/Documents/moroccan-nestjs/packages/core/dist/database/migrations/1681898638602-test_default_value.js,/home/boutchaz/Documents/moroccan-nestjs/packages/core/dist/database/migrations/AddUserTable.d.ts,/home/boutchaz/Documents/moroccan-nestjs/packages/core/dist/database/migrations/AddUserTable.js"
[2023-05-08T18:32:22.482Z][QUERY]: SELECT * FROM "sqlite_master" WHERE "type" = 'table' AND "name" = 'migrations'
[2023-05-08T18:32:22.488Z][QUERY]: SELECT * FROM "migrations" "migrations" ORDER BY "id" DESC
[2023-05-08T18:32:22.489Z]No migrations are pending
[2023-05-08T18:34:21.473Z][INFO]: All classes found using provided glob pattern "/home/boutchaz/Documents/moroccan-nestjs/apps/api/dist/database/migrations/*{.ts,.js}" : "/home/boutchaz/Documents/moroccan-nestjs/apps/api/dist/database/migrations/1681898638602-test_default_value.d.ts,/home/boutchaz/Documents/moroccan-nestjs/apps/api/dist/database/migrations/1681898638602-test_default_value.js,/home/boutchaz/Documents/moroccan-nestjs/apps/api/dist/database/migrations/AddUserTable.d.ts,/home/boutchaz/Documents/moroccan-nestjs/apps/api/dist/database/migrations/AddUserTable.js"
[2023-05-08T18:34:21.511Z][QUERY]: SELECT * FROM "sqlite_master" WHERE "type" = 'table' AND "name" = 'migrations'
[2023-05-08T18:34:21.515Z][QUERY]: SELECT * FROM "migrations" "migrations" ORDER BY "id" DESC
[2023-05-08T18:34:21.516Z]No migrations are pending
[2023-05-08T18:39:32.378Z][INFO]: All classes found using provided glob pattern "/home/boutchaz/Documents/moroccan-nestjs/apps/api/dist/database/migrations/*{.ts,.js}" : "/home/boutchaz/Documents/moroccan-nestjs/apps/api/dist/database/migrations/1681898638602-test_default_value.d.ts,/home/boutchaz/Documents/moroccan-nestjs/apps/api/dist/database/migrations/1681898638602-test_default_value.js,/home/boutchaz/Documents/moroccan-nestjs/apps/api/dist/database/migrations/AddUserTable.d.ts,/home/boutchaz/Documents/moroccan-nestjs/apps/api/dist/database/migrations/AddUserTable.js"
[2023-05-08T18:39:32.422Z][QUERY]: SELECT * FROM "sqlite_master" WHERE "type" = 'table' AND "name" = 'migrations'
[2023-05-08T18:39:32.427Z][QUERY]: SELECT * FROM "migrations" "migrations" ORDER BY "id" DESC
[2023-05-08T18:39:32.428Z]No migrations are pending
